[
  {
    "level": "INFO",
    "message": "android.ndkVersion from module build.gradle is [21.2.6472646]",
    "diagnosticCode": "UNKNOWN"
  },
  {
    "level": "INFO",
    "message": "android.ndkPath from module build.gradle is not set",
    "diagnosticCode": "UNKNOWN"
  },
  {
    "level": "INFO",
    "message": "ndk.dir in local.properties is not set",
    "diagnosticCode": "UNKNOWN"
  },
  {
    "level": "INFO",
    "message": "Not considering ANDROID_NDK_HOME because support was removed after deprecation period.",
    "diagnosticCode": "UNKNOWN"
  },
  {
    "level": "INFO",
    "message": "sdkFolder is D:\\DevTools\\Android\\Sdk",
    "diagnosticCode": "UNKNOWN"
  },
  {
    "level": "INFO",
    "message": "NDK side-by-side folder from sdkFolder D:\\DevTools\\Android\\Sdk\\ndk does not exist",
    "diagnosticCode": "UNKNOWN"
  },
  {
    "level": "INFO",
    "message": "Folder D:\\DevTools\\Android\\Sdk\\ndk\\21.2.6472646 does not exist. Ignoring.",
    "diagnosticCode": "UNKNOWN"
  },
  {
    "level": "INFO",
    "message": "Folder D:\\DevTools\\Android\\Sdk\\ndk-bundle does not exist. Ignoring.",
    "diagnosticCode": "UNKNOWN"
  },
  {
    "level": "INFO",
    "message": "No NDK was found. Trying to download it now.",
    "diagnosticCode": "UNKNOWN"
  },
  {
    "level": "INFO",
    "message": "NDK 21.2.6472646 was downloaded to D:\\DevTools\\Android\\Sdk\\ndk\\21.2.6472646. Using that.",
    "diagnosticCode": "UNKNOWN"
  }
]